mode: set
github.com/chrisreddington/gh-demo/main.go:5.13,7.2 1 0
github.com/chrisreddington/gh-demo/cmd/hydrate.go:18.65,20.2 1 0
github.com/chrisreddington/gh-demo/cmd/hydrate.go:22.64,24.2 1 0
github.com/chrisreddington/gh-demo/cmd/hydrate.go:27.37,35.48 4 0
github.com/chrisreddington/gh-demo/cmd/hydrate.go:35.48,38.49 3 0
github.com/chrisreddington/gh-demo/cmd/hydrate.go:38.49,41.19 2 0
github.com/chrisreddington/gh-demo/cmd/hydrate.go:41.19,42.29 1 0
github.com/chrisreddington/gh-demo/cmd/hydrate.go:42.29,44.7 1 0
github.com/chrisreddington/gh-demo/cmd/hydrate.go:45.6,45.28 1 0
github.com/chrisreddington/gh-demo/cmd/hydrate.go:45.28,47.7 1 0
github.com/chrisreddington/gh-demo/cmd/hydrate.go:50.4,50.49 1 0
github.com/chrisreddington/gh-demo/cmd/hydrate.go:50.49,53.5 2 0
github.com/chrisreddington/gh-demo/cmd/hydrate.go:55.4,56.18 2 0
github.com/chrisreddington/gh-demo/cmd/hydrate.go:56.18,59.5 2 0
github.com/chrisreddington/gh-demo/cmd/hydrate.go:60.4,66.13 5 0
github.com/chrisreddington/gh-demo/cmd/hydrate.go:66.13,68.5 1 0
github.com/chrisreddington/gh-demo/cmd/hydrate.go:69.4,70.18 2 0
github.com/chrisreddington/gh-demo/cmd/hydrate.go:70.18,72.70 1 0
github.com/chrisreddington/gh-demo/cmd/hydrate.go:72.70,75.6 2 0
github.com/chrisreddington/gh-demo/cmd/hydrate.go:75.11,79.6 2 0
github.com/chrisreddington/gh-demo/cmd/hydrate.go:80.10,82.5 1 0
github.com/chrisreddington/gh-demo/cmd/hydrate.go:86.2,93.12 7 0
github.com/chrisreddington/gh-demo/cmd/root.go:14.16,15.42 1 0
github.com/chrisreddington/gh-demo/cmd/root.go:15.42,17.3 1 0
github.com/chrisreddington/gh-demo/cmd/root.go:20.13,22.2 1 0
github.com/chrisreddington/gh-demo/internal/hydrate/hydrate.go:20.36,22.2 1 1
github.com/chrisreddington/gh-demo/internal/hydrate/hydrate.go:25.60,26.13 1 1
github.com/chrisreddington/gh-demo/internal/hydrate/hydrate.go:26.13,28.3 1 1
github.com/chrisreddington/gh-demo/internal/hydrate/hydrate.go:32.59,34.2 1 1
github.com/chrisreddington/gh-demo/internal/hydrate/hydrate.go:47.165,51.16 3 1
github.com/chrisreddington/gh-demo/internal/hydrate/hydrate.go:51.16,53.3 1 0
github.com/chrisreddington/gh-demo/internal/hydrate/hydrate.go:56.2,61.80 4 1
github.com/chrisreddington/gh-demo/internal/hydrate/hydrate.go:61.80,63.3 1 0
github.com/chrisreddington/gh-demo/internal/hydrate/hydrate.go:66.2,71.19 3 1
github.com/chrisreddington/gh-demo/internal/hydrate/hydrate.go:71.19,75.32 3 1
github.com/chrisreddington/gh-demo/internal/hydrate/hydrate.go:75.32,82.57 2 1
github.com/chrisreddington/gh-demo/internal/hydrate/hydrate.go:82.57,88.5 5 0
github.com/chrisreddington/gh-demo/internal/hydrate/hydrate.go:88.10,91.5 2 1
github.com/chrisreddington/gh-demo/internal/hydrate/hydrate.go:94.3,94.125 1 1
github.com/chrisreddington/gh-demo/internal/hydrate/hydrate.go:98.2,98.24 1 1
github.com/chrisreddington/gh-demo/internal/hydrate/hydrate.go:98.24,102.42 3 1
github.com/chrisreddington/gh-demo/internal/hydrate/hydrate.go:102.42,109.67 2 1
github.com/chrisreddington/gh-demo/internal/hydrate/hydrate.go:109.67,115.5 5 0
github.com/chrisreddington/gh-demo/internal/hydrate/hydrate.go:115.10,118.5 2 1
github.com/chrisreddington/gh-demo/internal/hydrate/hydrate.go:121.3,121.145 1 1
github.com/chrisreddington/gh-demo/internal/hydrate/hydrate.go:125.2,125.16 1 1
github.com/chrisreddington/gh-demo/internal/hydrate/hydrate.go:125.16,129.26 3 1
github.com/chrisreddington/gh-demo/internal/hydrate/hydrate.go:129.26,138.51 2 1
github.com/chrisreddington/gh-demo/internal/hydrate/hydrate.go:138.51,144.5 5 1
github.com/chrisreddington/gh-demo/internal/hydrate/hydrate.go:144.10,147.5 2 1
github.com/chrisreddington/gh-demo/internal/hydrate/hydrate.go:150.3,150.123 1 1
github.com/chrisreddington/gh-demo/internal/hydrate/hydrate.go:154.2,154.24 1 1
github.com/chrisreddington/gh-demo/internal/hydrate/hydrate.go:154.24,156.3 1 1
github.com/chrisreddington/gh-demo/internal/hydrate/hydrate.go:158.2,158.12 1 1
github.com/chrisreddington/gh-demo/internal/hydrate/hydrate.go:185.119,186.22 1 1
github.com/chrisreddington/gh-demo/internal/hydrate/hydrate.go:186.22,188.3 1 1
github.com/chrisreddington/gh-demo/internal/hydrate/hydrate.go:190.2,192.16 3 1
github.com/chrisreddington/gh-demo/internal/hydrate/hydrate.go:192.16,194.3 1 0
github.com/chrisreddington/gh-demo/internal/hydrate/hydrate.go:196.2,197.29 2 1
github.com/chrisreddington/gh-demo/internal/hydrate/hydrate.go:197.29,199.3 1 1
github.com/chrisreddington/gh-demo/internal/hydrate/hydrate.go:201.2,203.27 2 1
github.com/chrisreddington/gh-demo/internal/hydrate/hydrate.go:203.27,204.32 1 1
github.com/chrisreddington/gh-demo/internal/hydrate/hydrate.go:204.32,206.48 2 1
github.com/chrisreddington/gh-demo/internal/hydrate/hydrate.go:206.48,211.5 4 0
github.com/chrisreddington/gh-demo/internal/hydrate/hydrate.go:211.10,214.5 2 1
github.com/chrisreddington/gh-demo/internal/hydrate/hydrate.go:215.9,218.4 2 1
github.com/chrisreddington/gh-demo/internal/hydrate/hydrate.go:221.2,221.12 1 1
github.com/chrisreddington/gh-demo/internal/hydrate/hydrate.go:224.166,229.19 4 1
github.com/chrisreddington/gh-demo/internal/hydrate/hydrate.go:229.19,231.17 2 1
github.com/chrisreddington/gh-demo/internal/hydrate/hydrate.go:231.17,233.4 1 1
github.com/chrisreddington/gh-demo/internal/hydrate/hydrate.go:234.3,234.55 1 1
github.com/chrisreddington/gh-demo/internal/hydrate/hydrate.go:234.55,236.4 1 1
github.com/chrisreddington/gh-demo/internal/hydrate/hydrate.go:239.2,239.24 1 1
github.com/chrisreddington/gh-demo/internal/hydrate/hydrate.go:239.24,241.17 2 1
github.com/chrisreddington/gh-demo/internal/hydrate/hydrate.go:241.17,243.4 1 0
github.com/chrisreddington/gh-demo/internal/hydrate/hydrate.go:244.3,244.60 1 1
github.com/chrisreddington/gh-demo/internal/hydrate/hydrate.go:244.60,246.4 1 1
github.com/chrisreddington/gh-demo/internal/hydrate/hydrate.go:249.2,249.16 1 1
github.com/chrisreddington/gh-demo/internal/hydrate/hydrate.go:249.16,251.17 2 1
github.com/chrisreddington/gh-demo/internal/hydrate/hydrate.go:251.17,253.4 1 0
github.com/chrisreddington/gh-demo/internal/hydrate/hydrate.go:254.3,254.52 1 1
github.com/chrisreddington/gh-demo/internal/hydrate/hydrate.go:254.52,256.4 1 1
github.com/chrisreddington/gh-demo/internal/hydrate/hydrate.go:259.2,259.38 1 1
github.com/chrisreddington/gh-demo/internal/hydrate/hydrate.go:263.90,265.27 2 1
github.com/chrisreddington/gh-demo/internal/hydrate/hydrate.go:265.27,266.30 1 1
github.com/chrisreddington/gh-demo/internal/hydrate/hydrate.go:266.30,268.4 1 1
github.com/chrisreddington/gh-demo/internal/hydrate/hydrate.go:270.2,270.32 1 1
github.com/chrisreddington/gh-demo/internal/hydrate/hydrate.go:270.32,271.30 1 1
github.com/chrisreddington/gh-demo/internal/hydrate/hydrate.go:271.30,273.4 1 1
github.com/chrisreddington/gh-demo/internal/hydrate/hydrate.go:275.2,275.24 1 1
github.com/chrisreddington/gh-demo/internal/hydrate/hydrate.go:275.24,276.30 1 1
github.com/chrisreddington/gh-demo/internal/hydrate/hydrate.go:276.30,278.4 1 1
github.com/chrisreddington/gh-demo/internal/hydrate/hydrate.go:280.2,281.26 2 1
github.com/chrisreddington/gh-demo/internal/hydrate/hydrate.go:281.26,283.3 1 1
github.com/chrisreddington/gh-demo/internal/hydrate/hydrate.go:284.2,284.12 1 1
github.com/chrisreddington/gh-demo/internal/hydrate/hydrate.go:288.40,291.6 3 1
github.com/chrisreddington/gh-demo/internal/hydrate/hydrate.go:291.6,292.66 1 1
github.com/chrisreddington/gh-demo/internal/hydrate/hydrate.go:292.66,294.4 1 1
github.com/chrisreddington/gh-demo/internal/hydrate/hydrate.go:295.3,296.20 2 1
github.com/chrisreddington/gh-demo/internal/hydrate/hydrate.go:296.20,298.4 1 0
github.com/chrisreddington/gh-demo/internal/hydrate/hydrate.go:299.3,299.15 1 1
github.com/chrisreddington/gh-demo/internal/githubapi/client.go:39.48,45.16 4 1
github.com/chrisreddington/gh-demo/internal/githubapi/client.go:45.16,47.3 1 0
github.com/chrisreddington/gh-demo/internal/githubapi/client.go:47.8,49.3 1 1
github.com/chrisreddington/gh-demo/internal/githubapi/client.go:51.2,52.16 2 1
github.com/chrisreddington/gh-demo/internal/githubapi/client.go:52.16,54.3 1 0
github.com/chrisreddington/gh-demo/internal/githubapi/client.go:54.8,56.3 1 1
github.com/chrisreddington/gh-demo/internal/githubapi/client.go:58.2,64.3 1 1
github.com/chrisreddington/gh-demo/internal/githubapi/client.go:68.45,70.2 1 0
github.com/chrisreddington/gh-demo/internal/githubapi/client.go:73.65,74.21 1 1
github.com/chrisreddington/gh-demo/internal/githubapi/client.go:74.21,76.3 1 0
github.com/chrisreddington/gh-demo/internal/githubapi/client.go:80.99,82.2 1 1
github.com/chrisreddington/gh-demo/internal/githubapi/client.go:85.100,87.2 1 1
github.com/chrisreddington/gh-demo/internal/githubapi/client.go:90.104,92.17 2 1
github.com/chrisreddington/gh-demo/internal/githubapi/client.go:92.17,94.17 2 1
github.com/chrisreddington/gh-demo/internal/githubapi/client.go:94.17,96.4 1 0
github.com/chrisreddington/gh-demo/internal/githubapi/client.go:97.3,97.42 1 1
github.com/chrisreddington/gh-demo/internal/githubapi/client.go:100.2,101.16 2 1
github.com/chrisreddington/gh-demo/internal/githubapi/client.go:101.16,103.3 1 0
github.com/chrisreddington/gh-demo/internal/githubapi/client.go:104.2,106.72 2 1
github.com/chrisreddington/gh-demo/internal/githubapi/client.go:106.72,108.3 1 1
github.com/chrisreddington/gh-demo/internal/githubapi/client.go:110.2,110.28 1 1
github.com/chrisreddington/gh-demo/internal/githubapi/client.go:110.28,113.43 2 1
github.com/chrisreddington/gh-demo/internal/githubapi/client.go:113.43,123.97 2 1
github.com/chrisreddington/gh-demo/internal/githubapi/client.go:123.97,124.33 1 1
github.com/chrisreddington/gh-demo/internal/githubapi/client.go:124.33,126.6 1 0
github.com/chrisreddington/gh-demo/internal/githubapi/client.go:127.5,127.72 1 1
github.com/chrisreddington/gh-demo/internal/githubapi/client.go:130.4,130.72 1 0
github.com/chrisreddington/gh-demo/internal/githubapi/client.go:132.3,132.74 1 0
github.com/chrisreddington/gh-demo/internal/githubapi/client.go:135.2,135.12 1 1
github.com/chrisreddington/gh-demo/internal/githubapi/client.go:139.51,140.24 1 1
github.com/chrisreddington/gh-demo/internal/githubapi/client.go:140.24,142.3 1 0
github.com/chrisreddington/gh-demo/internal/githubapi/client.go:144.2,166.16 5 1
github.com/chrisreddington/gh-demo/internal/githubapi/client.go:166.16,169.3 2 0
github.com/chrisreddington/gh-demo/internal/githubapi/client.go:171.2,172.54 2 1
github.com/chrisreddington/gh-demo/internal/githubapi/client.go:172.54,174.3 1 1
github.com/chrisreddington/gh-demo/internal/githubapi/client.go:176.2,177.20 2 1
github.com/chrisreddington/gh-demo/internal/githubapi/client.go:180.52,181.25 1 1
github.com/chrisreddington/gh-demo/internal/githubapi/client.go:181.25,183.3 1 0
github.com/chrisreddington/gh-demo/internal/githubapi/client.go:185.2,196.16 5 1
github.com/chrisreddington/gh-demo/internal/githubapi/client.go:196.16,199.3 2 0
github.com/chrisreddington/gh-demo/internal/githubapi/client.go:201.2,202.12 2 1
github.com/chrisreddington/gh-demo/internal/githubapi/client.go:206.56,207.25 1 1
github.com/chrisreddington/gh-demo/internal/githubapi/client.go:207.25,209.3 1 0
github.com/chrisreddington/gh-demo/internal/githubapi/client.go:211.2,222.16 5 1
github.com/chrisreddington/gh-demo/internal/githubapi/client.go:222.16,225.3 2 0
github.com/chrisreddington/gh-demo/internal/githubapi/client.go:227.2,228.12 2 1
github.com/chrisreddington/gh-demo/internal/githubapi/client.go:232.65,233.24 1 1
github.com/chrisreddington/gh-demo/internal/githubapi/client.go:233.24,235.3 1 0
github.com/chrisreddington/gh-demo/internal/githubapi/client.go:237.2,258.16 5 1
github.com/chrisreddington/gh-demo/internal/githubapi/client.go:258.16,261.3 2 0
github.com/chrisreddington/gh-demo/internal/githubapi/client.go:264.2,265.65 2 1
github.com/chrisreddington/gh-demo/internal/githubapi/client.go:265.65,266.54 1 1
github.com/chrisreddington/gh-demo/internal/githubapi/client.go:266.54,268.9 2 1
github.com/chrisreddington/gh-demo/internal/githubapi/client.go:272.2,272.22 1 1
github.com/chrisreddington/gh-demo/internal/githubapi/client.go:272.22,275.3 2 0
github.com/chrisreddington/gh-demo/internal/githubapi/client.go:278.2,296.16 4 1
github.com/chrisreddington/gh-demo/internal/githubapi/client.go:296.16,299.3 2 0
github.com/chrisreddington/gh-demo/internal/githubapi/client.go:302.2,302.75 1 1
github.com/chrisreddington/gh-demo/internal/githubapi/client.go:302.76,305.3 0 1
github.com/chrisreddington/gh-demo/internal/githubapi/client.go:307.2,308.12 2 1
github.com/chrisreddington/gh-demo/internal/githubapi/client.go:312.47,313.25 1 1
github.com/chrisreddington/gh-demo/internal/githubapi/client.go:313.25,315.3 1 0
github.com/chrisreddington/gh-demo/internal/githubapi/client.go:317.2,320.19 2 1
github.com/chrisreddington/gh-demo/internal/githubapi/client.go:320.19,323.3 2 1
github.com/chrisreddington/gh-demo/internal/githubapi/client.go:324.2,324.19 1 1
github.com/chrisreddington/gh-demo/internal/githubapi/client.go:324.19,327.3 2 1
github.com/chrisreddington/gh-demo/internal/githubapi/client.go:328.2,328.24 1 1
github.com/chrisreddington/gh-demo/internal/githubapi/client.go:328.24,331.3 2 1
github.com/chrisreddington/gh-demo/internal/githubapi/client.go:333.2,343.16 5 1
github.com/chrisreddington/gh-demo/internal/githubapi/client.go:343.16,346.3 2 1
github.com/chrisreddington/gh-demo/internal/githubapi/client.go:349.2,349.103 1 1
github.com/chrisreddington/gh-demo/internal/githubapi/client.go:349.103,357.85 4 1
github.com/chrisreddington/gh-demo/internal/githubapi/client.go:357.85,360.4 2 0
github.com/chrisreddington/gh-demo/internal/githubapi/client.go:363.2,364.12 2 1
