mode: set
github.com/chrisreddington/gh-demo/internal/hydrate/hydrate.go:13.158,15.16 2 1
github.com/chrisreddington/gh-demo/internal/hydrate/hydrate.go:15.16,17.3 1 0
github.com/chrisreddington/gh-demo/internal/hydrate/hydrate.go:20.2,21.58 2 1
github.com/chrisreddington/gh-demo/internal/hydrate/hydrate.go:21.58,23.3 1 0
github.com/chrisreddington/gh-demo/internal/hydrate/hydrate.go:26.2,26.19 1 1
github.com/chrisreddington/gh-demo/internal/hydrate/hydrate.go:26.19,27.32 1 1
github.com/chrisreddington/gh-demo/internal/hydrate/hydrate.go:27.32,34.57 2 1
github.com/chrisreddington/gh-demo/internal/hydrate/hydrate.go:34.57,36.5 1 0
github.com/chrisreddington/gh-demo/internal/hydrate/hydrate.go:41.2,41.24 1 1
github.com/chrisreddington/gh-demo/internal/hydrate/hydrate.go:41.24,42.42 1 1
github.com/chrisreddington/gh-demo/internal/hydrate/hydrate.go:42.42,49.67 2 1
github.com/chrisreddington/gh-demo/internal/hydrate/hydrate.go:49.67,51.5 1 0
github.com/chrisreddington/gh-demo/internal/hydrate/hydrate.go:56.2,56.16 1 1
github.com/chrisreddington/gh-demo/internal/hydrate/hydrate.go:56.16,57.26 1 1
github.com/chrisreddington/gh-demo/internal/hydrate/hydrate.go:57.26,66.51 2 1
github.com/chrisreddington/gh-demo/internal/hydrate/hydrate.go:66.51,68.5 1 0
github.com/chrisreddington/gh-demo/internal/hydrate/hydrate.go:72.2,72.12 1 1
github.com/chrisreddington/gh-demo/internal/hydrate/hydrate.go:99.78,101.16 2 1
github.com/chrisreddington/gh-demo/internal/hydrate/hydrate.go:101.16,103.3 1 0
github.com/chrisreddington/gh-demo/internal/hydrate/hydrate.go:104.2,105.29 2 1
github.com/chrisreddington/gh-demo/internal/hydrate/hydrate.go:105.29,107.3 1 1
github.com/chrisreddington/gh-demo/internal/hydrate/hydrate.go:108.2,108.27 1 1
github.com/chrisreddington/gh-demo/internal/hydrate/hydrate.go:108.27,109.32 1 1
github.com/chrisreddington/gh-demo/internal/hydrate/hydrate.go:109.32,110.48 1 1
github.com/chrisreddington/gh-demo/internal/hydrate/hydrate.go:110.48,112.5 1 0
github.com/chrisreddington/gh-demo/internal/hydrate/hydrate.go:115.2,115.12 1 1
github.com/chrisreddington/gh-demo/internal/hydrate/hydrate.go:118.166,123.19 4 1
github.com/chrisreddington/gh-demo/internal/hydrate/hydrate.go:123.19,125.17 2 1
github.com/chrisreddington/gh-demo/internal/hydrate/hydrate.go:125.17,127.4 1 1
github.com/chrisreddington/gh-demo/internal/hydrate/hydrate.go:128.3,128.55 1 1
github.com/chrisreddington/gh-demo/internal/hydrate/hydrate.go:128.55,130.4 1 1
github.com/chrisreddington/gh-demo/internal/hydrate/hydrate.go:133.2,133.24 1 1
github.com/chrisreddington/gh-demo/internal/hydrate/hydrate.go:133.24,135.17 2 1
github.com/chrisreddington/gh-demo/internal/hydrate/hydrate.go:135.17,137.4 1 0
github.com/chrisreddington/gh-demo/internal/hydrate/hydrate.go:138.3,138.60 1 1
github.com/chrisreddington/gh-demo/internal/hydrate/hydrate.go:138.60,140.4 1 1
github.com/chrisreddington/gh-demo/internal/hydrate/hydrate.go:143.2,143.16 1 1
github.com/chrisreddington/gh-demo/internal/hydrate/hydrate.go:143.16,145.17 2 1
github.com/chrisreddington/gh-demo/internal/hydrate/hydrate.go:145.17,147.4 1 0
github.com/chrisreddington/gh-demo/internal/hydrate/hydrate.go:148.3,148.52 1 1
github.com/chrisreddington/gh-demo/internal/hydrate/hydrate.go:148.52,150.4 1 1
github.com/chrisreddington/gh-demo/internal/hydrate/hydrate.go:153.2,153.38 1 1
github.com/chrisreddington/gh-demo/internal/hydrate/hydrate.go:157.90,159.27 2 1
github.com/chrisreddington/gh-demo/internal/hydrate/hydrate.go:159.27,160.30 1 1
github.com/chrisreddington/gh-demo/internal/hydrate/hydrate.go:160.30,162.4 1 1
github.com/chrisreddington/gh-demo/internal/hydrate/hydrate.go:164.2,164.32 1 1
github.com/chrisreddington/gh-demo/internal/hydrate/hydrate.go:164.32,165.30 1 1
github.com/chrisreddington/gh-demo/internal/hydrate/hydrate.go:165.30,167.4 1 1
github.com/chrisreddington/gh-demo/internal/hydrate/hydrate.go:169.2,169.24 1 1
github.com/chrisreddington/gh-demo/internal/hydrate/hydrate.go:169.24,170.30 1 1
github.com/chrisreddington/gh-demo/internal/hydrate/hydrate.go:170.30,172.4 1 1
github.com/chrisreddington/gh-demo/internal/hydrate/hydrate.go:174.2,175.26 2 1
github.com/chrisreddington/gh-demo/internal/hydrate/hydrate.go:175.26,177.3 1 1
github.com/chrisreddington/gh-demo/internal/hydrate/hydrate.go:178.2,178.12 1 1
github.com/chrisreddington/gh-demo/internal/hydrate/hydrate.go:182.40,185.6 3 1
github.com/chrisreddington/gh-demo/internal/hydrate/hydrate.go:185.6,186.66 1 1
github.com/chrisreddington/gh-demo/internal/hydrate/hydrate.go:186.66,188.4 1 1
github.com/chrisreddington/gh-demo/internal/hydrate/hydrate.go:189.3,190.20 2 1
github.com/chrisreddington/gh-demo/internal/hydrate/hydrate.go:190.20,192.4 1 0
github.com/chrisreddington/gh-demo/internal/hydrate/hydrate.go:193.3,193.15 1 1
