mode: set
github.com/chrisreddington/gh-demo/cmd/hydrate.go:18.65,20.2 1 1
github.com/chrisreddington/gh-demo/cmd/hydrate.go:22.64,24.2 1 1
github.com/chrisreddington/gh-demo/cmd/hydrate.go:27.37,35.48 4 1
github.com/chrisreddington/gh-demo/cmd/hydrate.go:35.48,38.49 3 0
github.com/chrisreddington/gh-demo/cmd/hydrate.go:38.49,41.19 2 0
github.com/chrisreddington/gh-demo/cmd/hydrate.go:41.19,42.29 1 0
github.com/chrisreddington/gh-demo/cmd/hydrate.go:42.29,44.7 1 0
github.com/chrisreddington/gh-demo/cmd/hydrate.go:45.6,45.28 1 0
github.com/chrisreddington/gh-demo/cmd/hydrate.go:45.28,47.7 1 0
github.com/chrisreddington/gh-demo/cmd/hydrate.go:50.4,50.49 1 0
github.com/chrisreddington/gh-demo/cmd/hydrate.go:50.49,53.5 2 0
github.com/chrisreddington/gh-demo/cmd/hydrate.go:55.4,56.18 2 0
github.com/chrisreddington/gh-demo/cmd/hydrate.go:56.18,59.5 2 0
github.com/chrisreddington/gh-demo/cmd/hydrate.go:60.4,66.13 5 0
github.com/chrisreddington/gh-demo/cmd/hydrate.go:66.13,68.5 1 0
github.com/chrisreddington/gh-demo/cmd/hydrate.go:69.4,70.18 2 0
github.com/chrisreddington/gh-demo/cmd/hydrate.go:70.18,72.70 1 0
github.com/chrisreddington/gh-demo/cmd/hydrate.go:72.70,75.6 2 0
github.com/chrisreddington/gh-demo/cmd/hydrate.go:75.11,79.6 2 0
github.com/chrisreddington/gh-demo/cmd/hydrate.go:80.10,82.5 1 0
github.com/chrisreddington/gh-demo/cmd/hydrate.go:86.2,93.12 7 1
github.com/chrisreddington/gh-demo/cmd/root.go:12.22,14.2 1 1
github.com/chrisreddington/gh-demo/cmd/root.go:16.13,18.2 1 1
github.com/chrisreddington/gh-demo/internal/hydrate/hydrate.go:20.36,22.2 1 1
github.com/chrisreddington/gh-demo/internal/hydrate/hydrate.go:25.60,26.13 1 1
github.com/chrisreddington/gh-demo/internal/hydrate/hydrate.go:26.13,28.3 1 1
github.com/chrisreddington/gh-demo/internal/hydrate/hydrate.go:32.59,34.2 1 1
github.com/chrisreddington/gh-demo/internal/hydrate/hydrate.go:47.165,51.16 3 1
github.com/chrisreddington/gh-demo/internal/hydrate/hydrate.go:51.16,53.3 1 1
github.com/chrisreddington/gh-demo/internal/hydrate/hydrate.go:56.2,61.80 4 1
github.com/chrisreddington/gh-demo/internal/hydrate/hydrate.go:61.80,63.3 1 1
github.com/chrisreddington/gh-demo/internal/hydrate/hydrate.go:66.2,71.19 3 1
github.com/chrisreddington/gh-demo/internal/hydrate/hydrate.go:71.19,75.32 3 1
github.com/chrisreddington/gh-demo/internal/hydrate/hydrate.go:75.32,82.57 2 1
github.com/chrisreddington/gh-demo/internal/hydrate/hydrate.go:82.57,88.5 5 1
github.com/chrisreddington/gh-demo/internal/hydrate/hydrate.go:88.10,91.5 2 1
github.com/chrisreddington/gh-demo/internal/hydrate/hydrate.go:94.3,94.125 1 1
github.com/chrisreddington/gh-demo/internal/hydrate/hydrate.go:98.2,98.24 1 1
github.com/chrisreddington/gh-demo/internal/hydrate/hydrate.go:98.24,102.42 3 1
github.com/chrisreddington/gh-demo/internal/hydrate/hydrate.go:102.42,109.67 2 1
github.com/chrisreddington/gh-demo/internal/hydrate/hydrate.go:109.67,115.5 5 0
github.com/chrisreddington/gh-demo/internal/hydrate/hydrate.go:115.10,118.5 2 1
github.com/chrisreddington/gh-demo/internal/hydrate/hydrate.go:121.3,121.145 1 1
github.com/chrisreddington/gh-demo/internal/hydrate/hydrate.go:125.2,125.16 1 1
github.com/chrisreddington/gh-demo/internal/hydrate/hydrate.go:125.16,129.26 3 1
github.com/chrisreddington/gh-demo/internal/hydrate/hydrate.go:129.26,138.51 2 1
github.com/chrisreddington/gh-demo/internal/hydrate/hydrate.go:138.51,144.5 5 1
github.com/chrisreddington/gh-demo/internal/hydrate/hydrate.go:144.10,147.5 2 1
github.com/chrisreddington/gh-demo/internal/hydrate/hydrate.go:150.3,150.123 1 1
github.com/chrisreddington/gh-demo/internal/hydrate/hydrate.go:154.2,154.24 1 1
github.com/chrisreddington/gh-demo/internal/hydrate/hydrate.go:154.24,156.3 1 1
github.com/chrisreddington/gh-demo/internal/hydrate/hydrate.go:158.2,158.12 1 1
github.com/chrisreddington/gh-demo/internal/hydrate/hydrate.go:185.119,186.22 1 1
github.com/chrisreddington/gh-demo/internal/hydrate/hydrate.go:186.22,188.3 1 1
github.com/chrisreddington/gh-demo/internal/hydrate/hydrate.go:190.2,192.16 3 1
github.com/chrisreddington/gh-demo/internal/hydrate/hydrate.go:192.16,194.3 1 1
github.com/chrisreddington/gh-demo/internal/hydrate/hydrate.go:196.2,197.29 2 1
github.com/chrisreddington/gh-demo/internal/hydrate/hydrate.go:197.29,199.3 1 1
github.com/chrisreddington/gh-demo/internal/hydrate/hydrate.go:201.2,203.27 2 1
github.com/chrisreddington/gh-demo/internal/hydrate/hydrate.go:203.27,204.32 1 1
github.com/chrisreddington/gh-demo/internal/hydrate/hydrate.go:204.32,206.48 2 1
github.com/chrisreddington/gh-demo/internal/hydrate/hydrate.go:206.48,211.5 4 0
github.com/chrisreddington/gh-demo/internal/hydrate/hydrate.go:211.10,214.5 2 1
github.com/chrisreddington/gh-demo/internal/hydrate/hydrate.go:215.9,218.4 2 1
github.com/chrisreddington/gh-demo/internal/hydrate/hydrate.go:221.2,221.12 1 1
github.com/chrisreddington/gh-demo/internal/hydrate/hydrate.go:224.166,229.19 4 1
github.com/chrisreddington/gh-demo/internal/hydrate/hydrate.go:229.19,231.17 2 1
github.com/chrisreddington/gh-demo/internal/hydrate/hydrate.go:231.17,233.4 1 1
github.com/chrisreddington/gh-demo/internal/hydrate/hydrate.go:234.3,234.55 1 1
github.com/chrisreddington/gh-demo/internal/hydrate/hydrate.go:234.55,236.4 1 1
github.com/chrisreddington/gh-demo/internal/hydrate/hydrate.go:239.2,239.24 1 1
github.com/chrisreddington/gh-demo/internal/hydrate/hydrate.go:239.24,241.17 2 1
github.com/chrisreddington/gh-demo/internal/hydrate/hydrate.go:241.17,243.4 1 1
github.com/chrisreddington/gh-demo/internal/hydrate/hydrate.go:244.3,244.60 1 1
github.com/chrisreddington/gh-demo/internal/hydrate/hydrate.go:244.60,246.4 1 1
github.com/chrisreddington/gh-demo/internal/hydrate/hydrate.go:249.2,249.16 1 1
github.com/chrisreddington/gh-demo/internal/hydrate/hydrate.go:249.16,251.17 2 1
github.com/chrisreddington/gh-demo/internal/hydrate/hydrate.go:251.17,253.4 1 1
github.com/chrisreddington/gh-demo/internal/hydrate/hydrate.go:254.3,254.52 1 1
github.com/chrisreddington/gh-demo/internal/hydrate/hydrate.go:254.52,256.4 1 1
github.com/chrisreddington/gh-demo/internal/hydrate/hydrate.go:259.2,259.38 1 1
github.com/chrisreddington/gh-demo/internal/hydrate/hydrate.go:263.90,265.27 2 1
github.com/chrisreddington/gh-demo/internal/hydrate/hydrate.go:265.27,266.30 1 1
github.com/chrisreddington/gh-demo/internal/hydrate/hydrate.go:266.30,268.4 1 1
github.com/chrisreddington/gh-demo/internal/hydrate/hydrate.go:270.2,270.32 1 1
github.com/chrisreddington/gh-demo/internal/hydrate/hydrate.go:270.32,271.30 1 1
github.com/chrisreddington/gh-demo/internal/hydrate/hydrate.go:271.30,273.4 1 1
github.com/chrisreddington/gh-demo/internal/hydrate/hydrate.go:275.2,275.24 1 1
github.com/chrisreddington/gh-demo/internal/hydrate/hydrate.go:275.24,276.30 1 1
github.com/chrisreddington/gh-demo/internal/hydrate/hydrate.go:276.30,278.4 1 1
github.com/chrisreddington/gh-demo/internal/hydrate/hydrate.go:280.2,281.26 2 1
github.com/chrisreddington/gh-demo/internal/hydrate/hydrate.go:281.26,283.3 1 1
github.com/chrisreddington/gh-demo/internal/hydrate/hydrate.go:284.2,284.12 1 1
github.com/chrisreddington/gh-demo/internal/hydrate/hydrate.go:288.40,291.6 3 1
github.com/chrisreddington/gh-demo/internal/hydrate/hydrate.go:291.6,292.66 1 1
github.com/chrisreddington/gh-demo/internal/hydrate/hydrate.go:292.66,294.4 1 1
github.com/chrisreddington/gh-demo/internal/hydrate/hydrate.go:295.3,296.20 2 1
github.com/chrisreddington/gh-demo/internal/hydrate/hydrate.go:296.20,298.4 1 0
github.com/chrisreddington/gh-demo/internal/hydrate/hydrate.go:299.3,299.15 1 1
github.com/chrisreddington/gh-demo/main.go:10.13,11.30 1 1
github.com/chrisreddington/gh-demo/main.go:11.30,14.3 2 0
github.com/chrisreddington/gh-demo/main.go:17.18,19.2 1 1
github.com/chrisreddington/gh-demo/internal/githubapi/client.go:36.48,39.16 2 1
github.com/chrisreddington/gh-demo/internal/githubapi/client.go:39.16,41.3 1 1
github.com/chrisreddington/gh-demo/internal/githubapi/client.go:43.2,45.16 3 1
github.com/chrisreddington/gh-demo/internal/githubapi/client.go:45.16,47.3 1 0
github.com/chrisreddington/gh-demo/internal/githubapi/client.go:47.8,49.3 1 1
github.com/chrisreddington/gh-demo/internal/githubapi/client.go:51.2,57.3 1 1
github.com/chrisreddington/gh-demo/internal/githubapi/client.go:61.45,63.2 1 1
github.com/chrisreddington/gh-demo/internal/githubapi/client.go:66.65,67.21 1 1
github.com/chrisreddington/gh-demo/internal/githubapi/client.go:67.21,69.3 1 1
github.com/chrisreddington/gh-demo/internal/githubapi/client.go:73.104,75.17 2 1
github.com/chrisreddington/gh-demo/internal/githubapi/client.go:75.17,77.17 2 1
github.com/chrisreddington/gh-demo/internal/githubapi/client.go:77.17,79.4 1 0
github.com/chrisreddington/gh-demo/internal/githubapi/client.go:80.3,80.42 1 1
github.com/chrisreddington/gh-demo/internal/githubapi/client.go:83.2,84.16 2 1
github.com/chrisreddington/gh-demo/internal/githubapi/client.go:84.16,86.3 1 1
github.com/chrisreddington/gh-demo/internal/githubapi/client.go:87.2,87.15 1 1
github.com/chrisreddington/gh-demo/internal/githubapi/client.go:87.15,88.53 1 1
github.com/chrisreddington/gh-demo/internal/githubapi/client.go:88.53,92.4 1 0
github.com/chrisreddington/gh-demo/internal/githubapi/client.go:95.2,95.72 1 1
github.com/chrisreddington/gh-demo/internal/githubapi/client.go:95.72,97.3 1 1
github.com/chrisreddington/gh-demo/internal/githubapi/client.go:99.2,99.28 1 1
github.com/chrisreddington/gh-demo/internal/githubapi/client.go:99.28,102.43 2 1
github.com/chrisreddington/gh-demo/internal/githubapi/client.go:102.43,112.97 2 1
github.com/chrisreddington/gh-demo/internal/githubapi/client.go:112.97,113.33 1 1
github.com/chrisreddington/gh-demo/internal/githubapi/client.go:113.33,115.6 1 1
github.com/chrisreddington/gh-demo/internal/githubapi/client.go:116.5,116.72 1 0
github.com/chrisreddington/gh-demo/internal/githubapi/client.go:119.4,119.72 1 0
github.com/chrisreddington/gh-demo/internal/githubapi/client.go:121.3,121.74 1 0
github.com/chrisreddington/gh-demo/internal/githubapi/client.go:124.2,124.12 1 1
github.com/chrisreddington/gh-demo/internal/githubapi/client.go:128.51,129.24 1 1
github.com/chrisreddington/gh-demo/internal/githubapi/client.go:129.24,131.3 1 1
github.com/chrisreddington/gh-demo/internal/githubapi/client.go:133.2,171.16 6 1
github.com/chrisreddington/gh-demo/internal/githubapi/client.go:171.16,174.3 2 1
github.com/chrisreddington/gh-demo/internal/githubapi/client.go:176.2,177.57 2 1
github.com/chrisreddington/gh-demo/internal/githubapi/client.go:177.57,179.3 1 1
github.com/chrisreddington/gh-demo/internal/githubapi/client.go:181.2,182.20 2 1
github.com/chrisreddington/gh-demo/internal/githubapi/client.go:185.52,186.25 1 1
github.com/chrisreddington/gh-demo/internal/githubapi/client.go:186.25,188.3 1 1
github.com/chrisreddington/gh-demo/internal/githubapi/client.go:190.2,201.16 5 1
github.com/chrisreddington/gh-demo/internal/githubapi/client.go:201.16,204.3 2 0
github.com/chrisreddington/gh-demo/internal/githubapi/client.go:206.2,207.12 2 1
github.com/chrisreddington/gh-demo/internal/githubapi/client.go:211.56,212.25 1 1
github.com/chrisreddington/gh-demo/internal/githubapi/client.go:212.25,214.3 1 1
github.com/chrisreddington/gh-demo/internal/githubapi/client.go:216.2,227.16 5 1
github.com/chrisreddington/gh-demo/internal/githubapi/client.go:227.16,230.3 2 0
github.com/chrisreddington/gh-demo/internal/githubapi/client.go:232.2,233.12 2 1
github.com/chrisreddington/gh-demo/internal/githubapi/client.go:237.65,238.24 1 1
github.com/chrisreddington/gh-demo/internal/githubapi/client.go:238.24,240.3 1 1
github.com/chrisreddington/gh-demo/internal/githubapi/client.go:242.2,277.16 6 1
github.com/chrisreddington/gh-demo/internal/githubapi/client.go:277.16,280.3 2 1
github.com/chrisreddington/gh-demo/internal/githubapi/client.go:283.2,284.63 2 1
github.com/chrisreddington/gh-demo/internal/githubapi/client.go:284.63,286.3 1 1
github.com/chrisreddington/gh-demo/internal/githubapi/client.go:287.2,292.68 4 1
github.com/chrisreddington/gh-demo/internal/githubapi/client.go:292.68,294.54 2 1
github.com/chrisreddington/gh-demo/internal/githubapi/client.go:294.54,297.9 3 1
github.com/chrisreddington/gh-demo/internal/githubapi/client.go:301.2,301.22 1 1
github.com/chrisreddington/gh-demo/internal/githubapi/client.go:301.22,306.3 2 1
github.com/chrisreddington/gh-demo/internal/githubapi/client.go:308.2,350.16 8 1
github.com/chrisreddington/gh-demo/internal/githubapi/client.go:350.16,353.3 2 0
github.com/chrisreddington/gh-demo/internal/githubapi/client.go:356.2,363.59 2 1
github.com/chrisreddington/gh-demo/internal/githubapi/client.go:363.59,366.3 2 0
github.com/chrisreddington/gh-demo/internal/githubapi/client.go:368.2,373.83 4 1
github.com/chrisreddington/gh-demo/internal/githubapi/client.go:373.83,377.37 2 1
github.com/chrisreddington/gh-demo/internal/githubapi/client.go:377.37,379.18 2 1
github.com/chrisreddington/gh-demo/internal/githubapi/client.go:379.18,382.5 1 1
github.com/chrisreddington/gh-demo/internal/githubapi/client.go:382.10,384.5 1 1
github.com/chrisreddington/gh-demo/internal/githubapi/client.go:388.2,389.12 2 1
github.com/chrisreddington/gh-demo/internal/githubapi/client.go:393.79,420.16 5 1
github.com/chrisreddington/gh-demo/internal/githubapi/client.go:420.16,422.3 1 1
github.com/chrisreddington/gh-demo/internal/githubapi/client.go:424.2,424.45 1 1
github.com/chrisreddington/gh-demo/internal/githubapi/client.go:424.45,426.3 1 1
github.com/chrisreddington/gh-demo/internal/githubapi/client.go:429.2,451.16 5 1
github.com/chrisreddington/gh-demo/internal/githubapi/client.go:451.16,453.3 1 0
github.com/chrisreddington/gh-demo/internal/githubapi/client.go:455.2,455.12 1 1
github.com/chrisreddington/gh-demo/internal/githubapi/client.go:459.47,460.25 1 1
github.com/chrisreddington/gh-demo/internal/githubapi/client.go:460.25,462.3 1 1
github.com/chrisreddington/gh-demo/internal/githubapi/client.go:464.2,467.19 2 1
github.com/chrisreddington/gh-demo/internal/githubapi/client.go:467.19,470.3 2 1
github.com/chrisreddington/gh-demo/internal/githubapi/client.go:471.2,471.19 1 1
github.com/chrisreddington/gh-demo/internal/githubapi/client.go:471.19,474.3 2 1
github.com/chrisreddington/gh-demo/internal/githubapi/client.go:475.2,475.24 1 1
github.com/chrisreddington/gh-demo/internal/githubapi/client.go:475.24,478.3 2 1
github.com/chrisreddington/gh-demo/internal/githubapi/client.go:480.2,490.16 5 1
github.com/chrisreddington/gh-demo/internal/githubapi/client.go:490.16,493.3 2 1
github.com/chrisreddington/gh-demo/internal/githubapi/client.go:496.2,496.103 1 1
github.com/chrisreddington/gh-demo/internal/githubapi/client.go:496.103,504.85 4 1
github.com/chrisreddington/gh-demo/internal/githubapi/client.go:504.85,507.4 2 1
github.com/chrisreddington/gh-demo/internal/githubapi/client.go:510.2,511.12 2 1
