mode: set
github.com/chrisreddington/gh-demo/internal/githubapi/client.go:36.48,39.16 2 1
github.com/chrisreddington/gh-demo/internal/githubapi/client.go:39.16,41.3 1 1
github.com/chrisreddington/gh-demo/internal/githubapi/client.go:43.2,45.16 3 1
github.com/chrisreddington/gh-demo/internal/githubapi/client.go:45.16,47.3 1 0
github.com/chrisreddington/gh-demo/internal/githubapi/client.go:47.8,49.3 1 1
github.com/chrisreddington/gh-demo/internal/githubapi/client.go:51.2,57.3 1 1
github.com/chrisreddington/gh-demo/internal/githubapi/client.go:61.45,63.2 1 1
github.com/chrisreddington/gh-demo/internal/githubapi/client.go:66.65,67.21 1 1
github.com/chrisreddington/gh-demo/internal/githubapi/client.go:67.21,69.3 1 1
github.com/chrisreddington/gh-demo/internal/githubapi/client.go:73.104,75.17 2 1
github.com/chrisreddington/gh-demo/internal/githubapi/client.go:75.17,77.17 2 1
github.com/chrisreddington/gh-demo/internal/githubapi/client.go:77.17,79.4 1 0
github.com/chrisreddington/gh-demo/internal/githubapi/client.go:80.3,80.42 1 1
github.com/chrisreddington/gh-demo/internal/githubapi/client.go:83.2,84.16 2 1
github.com/chrisreddington/gh-demo/internal/githubapi/client.go:84.16,86.3 1 1
github.com/chrisreddington/gh-demo/internal/githubapi/client.go:87.2,87.15 1 1
github.com/chrisreddington/gh-demo/internal/githubapi/client.go:87.15,88.53 1 1
github.com/chrisreddington/gh-demo/internal/githubapi/client.go:88.53,92.4 1 0
github.com/chrisreddington/gh-demo/internal/githubapi/client.go:95.2,95.72 1 1
github.com/chrisreddington/gh-demo/internal/githubapi/client.go:95.72,97.3 1 1
github.com/chrisreddington/gh-demo/internal/githubapi/client.go:99.2,99.28 1 1
github.com/chrisreddington/gh-demo/internal/githubapi/client.go:99.28,102.43 2 1
github.com/chrisreddington/gh-demo/internal/githubapi/client.go:102.43,112.97 2 1
github.com/chrisreddington/gh-demo/internal/githubapi/client.go:112.97,113.33 1 1
github.com/chrisreddington/gh-demo/internal/githubapi/client.go:113.33,115.6 1 1
github.com/chrisreddington/gh-demo/internal/githubapi/client.go:116.5,116.72 1 0
github.com/chrisreddington/gh-demo/internal/githubapi/client.go:119.4,119.72 1 0
github.com/chrisreddington/gh-demo/internal/githubapi/client.go:121.3,121.74 1 0
github.com/chrisreddington/gh-demo/internal/githubapi/client.go:124.2,124.12 1 1
github.com/chrisreddington/gh-demo/internal/githubapi/client.go:128.51,129.24 1 1
github.com/chrisreddington/gh-demo/internal/githubapi/client.go:129.24,131.3 1 1
github.com/chrisreddington/gh-demo/internal/githubapi/client.go:133.2,171.16 6 1
github.com/chrisreddington/gh-demo/internal/githubapi/client.go:171.16,174.3 2 1
github.com/chrisreddington/gh-demo/internal/githubapi/client.go:176.2,177.57 2 1
github.com/chrisreddington/gh-demo/internal/githubapi/client.go:177.57,179.3 1 1
github.com/chrisreddington/gh-demo/internal/githubapi/client.go:181.2,182.20 2 1
github.com/chrisreddington/gh-demo/internal/githubapi/client.go:185.52,186.25 1 1
github.com/chrisreddington/gh-demo/internal/githubapi/client.go:186.25,188.3 1 1
github.com/chrisreddington/gh-demo/internal/githubapi/client.go:190.2,201.16 5 1
github.com/chrisreddington/gh-demo/internal/githubapi/client.go:201.16,204.3 2 0
github.com/chrisreddington/gh-demo/internal/githubapi/client.go:206.2,207.12 2 1
github.com/chrisreddington/gh-demo/internal/githubapi/client.go:211.56,212.25 1 1
github.com/chrisreddington/gh-demo/internal/githubapi/client.go:212.25,214.3 1 1
github.com/chrisreddington/gh-demo/internal/githubapi/client.go:216.2,227.16 5 1
github.com/chrisreddington/gh-demo/internal/githubapi/client.go:227.16,230.3 2 0
github.com/chrisreddington/gh-demo/internal/githubapi/client.go:232.2,233.12 2 1
github.com/chrisreddington/gh-demo/internal/githubapi/client.go:237.65,238.24 1 1
github.com/chrisreddington/gh-demo/internal/githubapi/client.go:238.24,240.3 1 1
github.com/chrisreddington/gh-demo/internal/githubapi/client.go:242.2,277.16 6 1
github.com/chrisreddington/gh-demo/internal/githubapi/client.go:277.16,280.3 2 1
github.com/chrisreddington/gh-demo/internal/githubapi/client.go:283.2,284.63 2 1
github.com/chrisreddington/gh-demo/internal/githubapi/client.go:284.63,286.3 1 1
github.com/chrisreddington/gh-demo/internal/githubapi/client.go:287.2,292.68 4 1
github.com/chrisreddington/gh-demo/internal/githubapi/client.go:292.68,294.54 2 1
github.com/chrisreddington/gh-demo/internal/githubapi/client.go:294.54,297.9 3 1
github.com/chrisreddington/gh-demo/internal/githubapi/client.go:301.2,301.22 1 1
github.com/chrisreddington/gh-demo/internal/githubapi/client.go:301.22,306.3 2 1
github.com/chrisreddington/gh-demo/internal/githubapi/client.go:308.2,350.16 8 1
github.com/chrisreddington/gh-demo/internal/githubapi/client.go:350.16,353.3 2 0
github.com/chrisreddington/gh-demo/internal/githubapi/client.go:356.2,363.59 2 1
github.com/chrisreddington/gh-demo/internal/githubapi/client.go:363.59,366.3 2 0
github.com/chrisreddington/gh-demo/internal/githubapi/client.go:368.2,373.83 4 1
github.com/chrisreddington/gh-demo/internal/githubapi/client.go:373.83,377.37 2 1
github.com/chrisreddington/gh-demo/internal/githubapi/client.go:377.37,379.18 2 1
github.com/chrisreddington/gh-demo/internal/githubapi/client.go:379.18,382.5 1 1
github.com/chrisreddington/gh-demo/internal/githubapi/client.go:382.10,384.5 1 1
github.com/chrisreddington/gh-demo/internal/githubapi/client.go:388.2,389.12 2 1
github.com/chrisreddington/gh-demo/internal/githubapi/client.go:393.79,420.16 5 1
github.com/chrisreddington/gh-demo/internal/githubapi/client.go:420.16,422.3 1 1
github.com/chrisreddington/gh-demo/internal/githubapi/client.go:424.2,424.45 1 1
github.com/chrisreddington/gh-demo/internal/githubapi/client.go:424.45,426.3 1 1
github.com/chrisreddington/gh-demo/internal/githubapi/client.go:429.2,451.16 5 1
github.com/chrisreddington/gh-demo/internal/githubapi/client.go:451.16,453.3 1 0
github.com/chrisreddington/gh-demo/internal/githubapi/client.go:455.2,455.12 1 1
github.com/chrisreddington/gh-demo/internal/githubapi/client.go:459.47,460.25 1 1
github.com/chrisreddington/gh-demo/internal/githubapi/client.go:460.25,462.3 1 1
github.com/chrisreddington/gh-demo/internal/githubapi/client.go:464.2,467.19 2 1
github.com/chrisreddington/gh-demo/internal/githubapi/client.go:467.19,470.3 2 1
github.com/chrisreddington/gh-demo/internal/githubapi/client.go:471.2,471.19 1 1
github.com/chrisreddington/gh-demo/internal/githubapi/client.go:471.19,474.3 2 1
github.com/chrisreddington/gh-demo/internal/githubapi/client.go:475.2,475.24 1 1
github.com/chrisreddington/gh-demo/internal/githubapi/client.go:475.24,478.3 2 1
github.com/chrisreddington/gh-demo/internal/githubapi/client.go:480.2,490.16 5 1
github.com/chrisreddington/gh-demo/internal/githubapi/client.go:490.16,493.3 2 1
github.com/chrisreddington/gh-demo/internal/githubapi/client.go:496.2,496.103 1 1
github.com/chrisreddington/gh-demo/internal/githubapi/client.go:496.103,504.85 4 1
github.com/chrisreddington/gh-demo/internal/githubapi/client.go:504.85,507.4 2 1
github.com/chrisreddington/gh-demo/internal/githubapi/client.go:510.2,511.12 2 1
