mode: set
github.com/chrisreddington/gh-demo/internal/hydrate/hydrate.go:20.36,22.2 1 1
github.com/chrisreddington/gh-demo/internal/hydrate/hydrate.go:25.60,26.13 1 1
github.com/chrisreddington/gh-demo/internal/hydrate/hydrate.go:26.13,28.3 1 1
github.com/chrisreddington/gh-demo/internal/hydrate/hydrate.go:32.59,34.2 1 1
github.com/chrisreddington/gh-demo/internal/hydrate/hydrate.go:47.165,51.16 3 1
github.com/chrisreddington/gh-demo/internal/hydrate/hydrate.go:51.16,53.3 1 1
github.com/chrisreddington/gh-demo/internal/hydrate/hydrate.go:56.2,61.80 4 1
github.com/chrisreddington/gh-demo/internal/hydrate/hydrate.go:61.80,63.3 1 1
github.com/chrisreddington/gh-demo/internal/hydrate/hydrate.go:66.2,71.19 3 1
github.com/chrisreddington/gh-demo/internal/hydrate/hydrate.go:71.19,75.32 3 1
github.com/chrisreddington/gh-demo/internal/hydrate/hydrate.go:75.32,82.57 2 1
github.com/chrisreddington/gh-demo/internal/hydrate/hydrate.go:82.57,88.5 5 1
github.com/chrisreddington/gh-demo/internal/hydrate/hydrate.go:88.10,91.5 2 1
github.com/chrisreddington/gh-demo/internal/hydrate/hydrate.go:94.3,94.125 1 1
github.com/chrisreddington/gh-demo/internal/hydrate/hydrate.go:98.2,98.24 1 1
github.com/chrisreddington/gh-demo/internal/hydrate/hydrate.go:98.24,102.42 3 1
github.com/chrisreddington/gh-demo/internal/hydrate/hydrate.go:102.42,109.67 2 1
github.com/chrisreddington/gh-demo/internal/hydrate/hydrate.go:109.67,115.5 5 0
github.com/chrisreddington/gh-demo/internal/hydrate/hydrate.go:115.10,118.5 2 1
github.com/chrisreddington/gh-demo/internal/hydrate/hydrate.go:121.3,121.145 1 1
github.com/chrisreddington/gh-demo/internal/hydrate/hydrate.go:125.2,125.16 1 1
github.com/chrisreddington/gh-demo/internal/hydrate/hydrate.go:125.16,129.26 3 1
github.com/chrisreddington/gh-demo/internal/hydrate/hydrate.go:129.26,138.51 2 1
github.com/chrisreddington/gh-demo/internal/hydrate/hydrate.go:138.51,144.5 5 1
github.com/chrisreddington/gh-demo/internal/hydrate/hydrate.go:144.10,147.5 2 1
github.com/chrisreddington/gh-demo/internal/hydrate/hydrate.go:150.3,150.123 1 1
github.com/chrisreddington/gh-demo/internal/hydrate/hydrate.go:154.2,154.24 1 1
github.com/chrisreddington/gh-demo/internal/hydrate/hydrate.go:154.24,156.3 1 1
github.com/chrisreddington/gh-demo/internal/hydrate/hydrate.go:158.2,158.12 1 1
github.com/chrisreddington/gh-demo/internal/hydrate/hydrate.go:185.119,186.22 1 1
github.com/chrisreddington/gh-demo/internal/hydrate/hydrate.go:186.22,188.3 1 1
github.com/chrisreddington/gh-demo/internal/hydrate/hydrate.go:190.2,192.16 3 1
github.com/chrisreddington/gh-demo/internal/hydrate/hydrate.go:192.16,194.3 1 1
github.com/chrisreddington/gh-demo/internal/hydrate/hydrate.go:196.2,197.29 2 1
github.com/chrisreddington/gh-demo/internal/hydrate/hydrate.go:197.29,199.3 1 1
github.com/chrisreddington/gh-demo/internal/hydrate/hydrate.go:201.2,203.27 2 1
github.com/chrisreddington/gh-demo/internal/hydrate/hydrate.go:203.27,204.32 1 1
github.com/chrisreddington/gh-demo/internal/hydrate/hydrate.go:204.32,206.48 2 1
github.com/chrisreddington/gh-demo/internal/hydrate/hydrate.go:206.48,211.5 4 0
github.com/chrisreddington/gh-demo/internal/hydrate/hydrate.go:211.10,214.5 2 1
github.com/chrisreddington/gh-demo/internal/hydrate/hydrate.go:215.9,218.4 2 1
github.com/chrisreddington/gh-demo/internal/hydrate/hydrate.go:221.2,221.12 1 1
github.com/chrisreddington/gh-demo/internal/hydrate/hydrate.go:224.166,229.19 4 1
github.com/chrisreddington/gh-demo/internal/hydrate/hydrate.go:229.19,231.17 2 1
github.com/chrisreddington/gh-demo/internal/hydrate/hydrate.go:231.17,233.4 1 1
github.com/chrisreddington/gh-demo/internal/hydrate/hydrate.go:234.3,234.55 1 1
github.com/chrisreddington/gh-demo/internal/hydrate/hydrate.go:234.55,236.4 1 1
github.com/chrisreddington/gh-demo/internal/hydrate/hydrate.go:239.2,239.24 1 1
github.com/chrisreddington/gh-demo/internal/hydrate/hydrate.go:239.24,241.17 2 1
github.com/chrisreddington/gh-demo/internal/hydrate/hydrate.go:241.17,243.4 1 1
github.com/chrisreddington/gh-demo/internal/hydrate/hydrate.go:244.3,244.60 1 1
github.com/chrisreddington/gh-demo/internal/hydrate/hydrate.go:244.60,246.4 1 1
github.com/chrisreddington/gh-demo/internal/hydrate/hydrate.go:249.2,249.16 1 1
github.com/chrisreddington/gh-demo/internal/hydrate/hydrate.go:249.16,251.17 2 1
github.com/chrisreddington/gh-demo/internal/hydrate/hydrate.go:251.17,253.4 1 1
github.com/chrisreddington/gh-demo/internal/hydrate/hydrate.go:254.3,254.52 1 1
github.com/chrisreddington/gh-demo/internal/hydrate/hydrate.go:254.52,256.4 1 1
github.com/chrisreddington/gh-demo/internal/hydrate/hydrate.go:259.2,259.38 1 1
github.com/chrisreddington/gh-demo/internal/hydrate/hydrate.go:263.90,265.27 2 1
github.com/chrisreddington/gh-demo/internal/hydrate/hydrate.go:265.27,266.30 1 1
github.com/chrisreddington/gh-demo/internal/hydrate/hydrate.go:266.30,268.4 1 1
github.com/chrisreddington/gh-demo/internal/hydrate/hydrate.go:270.2,270.32 1 1
github.com/chrisreddington/gh-demo/internal/hydrate/hydrate.go:270.32,271.30 1 1
github.com/chrisreddington/gh-demo/internal/hydrate/hydrate.go:271.30,273.4 1 1
github.com/chrisreddington/gh-demo/internal/hydrate/hydrate.go:275.2,275.24 1 1
github.com/chrisreddington/gh-demo/internal/hydrate/hydrate.go:275.24,276.30 1 1
github.com/chrisreddington/gh-demo/internal/hydrate/hydrate.go:276.30,278.4 1 1
github.com/chrisreddington/gh-demo/internal/hydrate/hydrate.go:280.2,281.26 2 1
github.com/chrisreddington/gh-demo/internal/hydrate/hydrate.go:281.26,283.3 1 1
github.com/chrisreddington/gh-demo/internal/hydrate/hydrate.go:284.2,284.12 1 1
github.com/chrisreddington/gh-demo/internal/hydrate/hydrate.go:288.40,291.6 3 1
github.com/chrisreddington/gh-demo/internal/hydrate/hydrate.go:291.6,292.66 1 1
github.com/chrisreddington/gh-demo/internal/hydrate/hydrate.go:292.66,294.4 1 1
github.com/chrisreddington/gh-demo/internal/hydrate/hydrate.go:295.3,296.20 2 1
github.com/chrisreddington/gh-demo/internal/hydrate/hydrate.go:296.20,298.4 1 0
github.com/chrisreddington/gh-demo/internal/hydrate/hydrate.go:299.3,299.15 1 1
